<?xml version="1.0" encoding="UTF-8"?>
<testng-results ignored="0" total="21" passed="21" failed="0" skipped="0">
  <reporter-output>
  </reporter-output>
  <suite started-at="2024-10-18T18:24:34 EDT" name="Default suite" finished-at="2024-10-18T18:24:47 EDT" duration-ms="13645">
    <groups>
      <group name="cucumber">
        <method signature="AbstractTestNGCucumberTests.runScenario(io.cucumber.testng.PickleWrapper,io.cucumber.testng.FeatureWrapper)[pri:0, instance:Runner.UserRunner@c05fddc]" name="runScenario" class="io.cucumber.testng.AbstractTestNGCucumberTests"/>
      </group> <!-- cucumber -->
    </groups>
    <test started-at="2024-10-18T18:24:34 EDT" name="Default test" finished-at="2024-10-18T18:24:47 EDT" duration-ms="13645">
      <class name="Runner.UserRunner">
        <test-method is-config="true" signature="setUpClass(org.testng.ITestContext)[pri:0, instance:Runner.UserRunner@c05fddc]" started-at="2024-10-18T18:24:34 EDT" name="setUpClass" finished-at="2024-10-18T18:24:35 EDT" duration-ms="789" status="PASS">
          <params>
            <param index="0">
              <value>
                <![CDATA[org.testng.TestRunner@22decfa2]]>
              </value>
            </param>
          </params>
          <reporter-output>
          </reporter-output>
        </test-method> <!-- setUpClass -->
        <test-method signature="runScenario(io.cucumber.testng.PickleWrapper,io.cucumber.testng.FeatureWrapper)[pri:0, instance:Runner.UserRunner@c05fddc]" started-at="2024-10-18T18:24:35 EDT" name="runScenario" description="Runs Cucumber Scenarios" data-provider="scenarios" finished-at="2024-10-18T18:24:38 EDT" duration-ms="3059" status="PASS">
          <params>
            <param index="0">
              <value>
                <![CDATA["Retrieve all users"]]>
              </value>
            </param>
            <param index="1">
              <value>
                <![CDATA["Validating User Module"]]>
              </value>
            </param>
          </params>
          <reporter-output>
          </reporter-output>
        </test-method> <!-- runScenario -->
        <test-method signature="runScenario(io.cucumber.testng.PickleWrapper,io.cucumber.testng.FeatureWrapper)[pri:0, instance:Runner.UserRunner@c05fddc]" started-at="2024-10-18T18:24:38 EDT" name="runScenario" description="Runs Cucumber Scenarios" data-provider="scenarios" finished-at="2024-10-18T18:24:39 EDT" duration-ms="1069" status="PASS">
          <params>
            <param index="0">
              <value>
                <![CDATA["Validating the Create user request with Valid and Invalid inputs"]]>
              </value>
            </param>
            <param index="1">
              <value>
                <![CDATA["Validating User Module"]]>
              </value>
            </param>
          </params>
          <reporter-output>
          </reporter-output>
        </test-method> <!-- runScenario -->
        <test-method signature="runScenario(io.cucumber.testng.PickleWrapper,io.cucumber.testng.FeatureWrapper)[pri:0, instance:Runner.UserRunner@c05fddc]" started-at="2024-10-18T18:24:39 EDT" name="runScenario" description="Runs Cucumber Scenarios" data-provider="scenarios" finished-at="2024-10-18T18:24:39 EDT" duration-ms="403" status="PASS">
          <params>
            <param index="0">
              <value>
                <![CDATA["Validating the Create user request with Valid and Invalid inputs"]]>
              </value>
            </param>
            <param index="1">
              <value>
                <![CDATA["Validating User Module"]]>
              </value>
            </param>
          </params>
          <reporter-output>
          </reporter-output>
        </test-method> <!-- runScenario -->
        <test-method signature="runScenario(io.cucumber.testng.PickleWrapper,io.cucumber.testng.FeatureWrapper)[pri:0, instance:Runner.UserRunner@c05fddc]" started-at="2024-10-18T18:24:39 EDT" name="runScenario" description="Runs Cucumber Scenarios" data-provider="scenarios" finished-at="2024-10-18T18:24:39 EDT" duration-ms="350" status="PASS">
          <params>
            <param index="0">
              <value>
                <![CDATA["Validating the Create user request with Valid and Invalid inputs"]]>
              </value>
            </param>
            <param index="1">
              <value>
                <![CDATA["Validating User Module"]]>
              </value>
            </param>
          </params>
          <reporter-output>
          </reporter-output>
        </test-method> <!-- runScenario -->
        <test-method signature="runScenario(io.cucumber.testng.PickleWrapper,io.cucumber.testng.FeatureWrapper)[pri:0, instance:Runner.UserRunner@c05fddc]" started-at="2024-10-18T18:24:39 EDT" name="runScenario" description="Runs Cucumber Scenarios" data-provider="scenarios" finished-at="2024-10-18T18:24:40 EDT" duration-ms="352" status="PASS">
          <params>
            <param index="0">
              <value>
                <![CDATA["Validating the Create user request with Valid and Invalid inputs"]]>
              </value>
            </param>
            <param index="1">
              <value>
                <![CDATA["Validating User Module"]]>
              </value>
            </param>
          </params>
          <reporter-output>
          </reporter-output>
        </test-method> <!-- runScenario -->
        <test-method signature="runScenario(io.cucumber.testng.PickleWrapper,io.cucumber.testng.FeatureWrapper)[pri:0, instance:Runner.UserRunner@c05fddc]" started-at="2024-10-18T18:24:40 EDT" name="runScenario" description="Runs Cucumber Scenarios" data-provider="scenarios" finished-at="2024-10-18T18:24:40 EDT" duration-ms="433" status="PASS">
          <params>
            <param index="0">
              <value>
                <![CDATA["Validating the Create user request with Valid and Invalid inputs"]]>
              </value>
            </param>
            <param index="1">
              <value>
                <![CDATA["Validating User Module"]]>
              </value>
            </param>
          </params>
          <reporter-output>
          </reporter-output>
        </test-method> <!-- runScenario -->
        <test-method signature="runScenario(io.cucumber.testng.PickleWrapper,io.cucumber.testng.FeatureWrapper)[pri:0, instance:Runner.UserRunner@c05fddc]" started-at="2024-10-18T18:24:40 EDT" name="runScenario" description="Runs Cucumber Scenarios" data-provider="scenarios" finished-at="2024-10-18T18:24:41 EDT" duration-ms="352" status="PASS">
          <params>
            <param index="0">
              <value>
                <![CDATA["Validating the Create user request with Valid and Invalid inputs"]]>
              </value>
            </param>
            <param index="1">
              <value>
                <![CDATA["Validating User Module"]]>
              </value>
            </param>
          </params>
          <reporter-output>
          </reporter-output>
        </test-method> <!-- runScenario -->
        <test-method signature="runScenario(io.cucumber.testng.PickleWrapper,io.cucumber.testng.FeatureWrapper)[pri:0, instance:Runner.UserRunner@c05fddc]" started-at="2024-10-18T18:24:41 EDT" name="runScenario" description="Runs Cucumber Scenarios" data-provider="scenarios" finished-at="2024-10-18T18:24:41 EDT" duration-ms="316" status="PASS">
          <params>
            <param index="0">
              <value>
                <![CDATA["Validating the Create user request with Valid and Invalid inputs"]]>
              </value>
            </param>
            <param index="1">
              <value>
                <![CDATA["Validating User Module"]]>
              </value>
            </param>
          </params>
          <reporter-output>
          </reporter-output>
        </test-method> <!-- runScenario -->
        <test-method signature="runScenario(io.cucumber.testng.PickleWrapper,io.cucumber.testng.FeatureWrapper)[pri:0, instance:Runner.UserRunner@c05fddc]" started-at="2024-10-18T18:24:41 EDT" name="runScenario" description="Runs Cucumber Scenarios" data-provider="scenarios" finished-at="2024-10-18T18:24:41 EDT" duration-ms="347" status="PASS">
          <params>
            <param index="0">
              <value>
                <![CDATA["Validating the Create user request with Valid and Invalid inputs"]]>
              </value>
            </param>
            <param index="1">
              <value>
                <![CDATA["Validating User Module"]]>
              </value>
            </param>
          </params>
          <reporter-output>
          </reporter-output>
        </test-method> <!-- runScenario -->
        <test-method signature="runScenario(io.cucumber.testng.PickleWrapper,io.cucumber.testng.FeatureWrapper)[pri:0, instance:Runner.UserRunner@c05fddc]" started-at="2024-10-18T18:24:41 EDT" name="runScenario" description="Runs Cucumber Scenarios" data-provider="scenarios" finished-at="2024-10-18T18:24:42 EDT" duration-ms="328" status="PASS">
          <params>
            <param index="0">
              <value>
                <![CDATA["Validating the Create user request with Valid and Invalid inputs"]]>
              </value>
            </param>
            <param index="1">
              <value>
                <![CDATA["Validating User Module"]]>
              </value>
            </param>
          </params>
          <reporter-output>
          </reporter-output>
        </test-method> <!-- runScenario -->
        <test-method signature="runScenario(io.cucumber.testng.PickleWrapper,io.cucumber.testng.FeatureWrapper)[pri:0, instance:Runner.UserRunner@c05fddc]" started-at="2024-10-18T18:24:42 EDT" name="runScenario" description="Runs Cucumber Scenarios" data-provider="scenarios" finished-at="2024-10-18T18:24:42 EDT" duration-ms="295" status="PASS">
          <params>
            <param index="0">
              <value>
                <![CDATA["Validating the Create user request with Valid and Invalid inputs"]]>
              </value>
            </param>
            <param index="1">
              <value>
                <![CDATA["Validating User Module"]]>
              </value>
            </param>
          </params>
          <reporter-output>
          </reporter-output>
        </test-method> <!-- runScenario -->
        <test-method signature="runScenario(io.cucumber.testng.PickleWrapper,io.cucumber.testng.FeatureWrapper)[pri:0, instance:Runner.UserRunner@c05fddc]" started-at="2024-10-18T18:24:42 EDT" name="runScenario" description="Runs Cucumber Scenarios" data-provider="scenarios" finished-at="2024-10-18T18:24:42 EDT" duration-ms="309" status="PASS">
          <params>
            <param index="0">
              <value>
                <![CDATA["Validating the Create user request with Valid and Invalid inputs"]]>
              </value>
            </param>
            <param index="1">
              <value>
                <![CDATA["Validating User Module"]]>
              </value>
            </param>
          </params>
          <reporter-output>
          </reporter-output>
        </test-method> <!-- runScenario -->
        <test-method signature="runScenario(io.cucumber.testng.PickleWrapper,io.cucumber.testng.FeatureWrapper)[pri:0, instance:Runner.UserRunner@c05fddc]" started-at="2024-10-18T18:24:42 EDT" name="runScenario" description="Runs Cucumber Scenarios" data-provider="scenarios" finished-at="2024-10-18T18:24:43 EDT" duration-ms="282" status="PASS">
          <params>
            <param index="0">
              <value>
                <![CDATA["Validating the Create user request with Valid and Invalid inputs"]]>
              </value>
            </param>
            <param index="1">
              <value>
                <![CDATA["Validating User Module"]]>
              </value>
            </param>
          </params>
          <reporter-output>
          </reporter-output>
        </test-method> <!-- runScenario -->
        <test-method signature="runScenario(io.cucumber.testng.PickleWrapper,io.cucumber.testng.FeatureWrapper)[pri:0, instance:Runner.UserRunner@c05fddc]" started-at="2024-10-18T18:24:43 EDT" name="runScenario" description="Runs Cucumber Scenarios" data-provider="scenarios" finished-at="2024-10-18T18:24:43 EDT" duration-ms="312" status="PASS">
          <params>
            <param index="0">
              <value>
                <![CDATA["Validating the Create user request with Valid and Invalid inputs"]]>
              </value>
            </param>
            <param index="1">
              <value>
                <![CDATA["Validating User Module"]]>
              </value>
            </param>
          </params>
          <reporter-output>
          </reporter-output>
        </test-method> <!-- runScenario -->
        <test-method signature="runScenario(io.cucumber.testng.PickleWrapper,io.cucumber.testng.FeatureWrapper)[pri:0, instance:Runner.UserRunner@c05fddc]" started-at="2024-10-18T18:24:43 EDT" name="runScenario" description="Runs Cucumber Scenarios" data-provider="scenarios" finished-at="2024-10-18T18:24:43 EDT" duration-ms="328" status="PASS">
          <params>
            <param index="0">
              <value>
                <![CDATA["Validating the Create user request with Valid and Invalid inputs"]]>
              </value>
            </param>
            <param index="1">
              <value>
                <![CDATA["Validating User Module"]]>
              </value>
            </param>
          </params>
          <reporter-output>
          </reporter-output>
        </test-method> <!-- runScenario -->
        <test-method signature="runScenario(io.cucumber.testng.PickleWrapper,io.cucumber.testng.FeatureWrapper)[pri:0, instance:Runner.UserRunner@c05fddc]" started-at="2024-10-18T18:24:43 EDT" name="runScenario" description="Runs Cucumber Scenarios" data-provider="scenarios" finished-at="2024-10-18T18:24:43 EDT" duration-ms="325" status="PASS">
          <params>
            <param index="0">
              <value>
                <![CDATA["Validating the Create user request with Valid and Invalid inputs"]]>
              </value>
            </param>
            <param index="1">
              <value>
                <![CDATA["Validating User Module"]]>
              </value>
            </param>
          </params>
          <reporter-output>
          </reporter-output>
        </test-method> <!-- runScenario -->
        <test-method signature="runScenario(io.cucumber.testng.PickleWrapper,io.cucumber.testng.FeatureWrapper)[pri:0, instance:Runner.UserRunner@c05fddc]" started-at="2024-10-18T18:24:43 EDT" name="runScenario" description="Runs Cucumber Scenarios" data-provider="scenarios" finished-at="2024-10-18T18:24:44 EDT" duration-ms="286" status="PASS">
          <params>
            <param index="0">
              <value>
                <![CDATA["Validating the Create user request with Valid and Invalid inputs"]]>
              </value>
            </param>
            <param index="1">
              <value>
                <![CDATA["Validating User Module"]]>
              </value>
            </param>
          </params>
          <reporter-output>
          </reporter-output>
        </test-method> <!-- runScenario -->
        <test-method signature="runScenario(io.cucumber.testng.PickleWrapper,io.cucumber.testng.FeatureWrapper)[pri:0, instance:Runner.UserRunner@c05fddc]" started-at="2024-10-18T18:24:44 EDT" name="runScenario" description="Runs Cucumber Scenarios" data-provider="scenarios" finished-at="2024-10-18T18:24:45 EDT" duration-ms="1434" status="PASS">
          <params>
            <param index="0">
              <value>
                <![CDATA["Validating the Create user request with Valid and Invalid inputs"]]>
              </value>
            </param>
            <param index="1">
              <value>
                <![CDATA["Validating User Module"]]>
              </value>
            </param>
          </params>
          <reporter-output>
          </reporter-output>
        </test-method> <!-- runScenario -->
        <test-method signature="runScenario(io.cucumber.testng.PickleWrapper,io.cucumber.testng.FeatureWrapper)[pri:0, instance:Runner.UserRunner@c05fddc]" started-at="2024-10-18T18:24:45 EDT" name="runScenario" description="Runs Cucumber Scenarios" data-provider="scenarios" finished-at="2024-10-18T18:24:45 EDT" duration-ms="285" status="PASS">
          <params>
            <param index="0">
              <value>
                <![CDATA["Validating the user by User ID using GETByID"]]>
              </value>
            </param>
            <param index="1">
              <value>
                <![CDATA["Validating User Module"]]>
              </value>
            </param>
          </params>
          <reporter-output>
          </reporter-output>
        </test-method> <!-- runScenario -->
        <test-method signature="runScenario(io.cucumber.testng.PickleWrapper,io.cucumber.testng.FeatureWrapper)[pri:0, instance:Runner.UserRunner@c05fddc]" started-at="2024-10-18T18:24:45 EDT" name="runScenario" description="Runs Cucumber Scenarios" data-provider="scenarios" finished-at="2024-10-18T18:24:46 EDT" duration-ms="270" status="PASS">
          <params>
            <param index="0">
              <value>
                <![CDATA["Validating the user by User First Name"]]>
              </value>
            </param>
            <param index="1">
              <value>
                <![CDATA["Validating User Module"]]>
              </value>
            </param>
          </params>
          <reporter-output>
          </reporter-output>
        </test-method> <!-- runScenario -->
        <test-method signature="runScenario(io.cucumber.testng.PickleWrapper,io.cucumber.testng.FeatureWrapper)[pri:0, instance:Runner.UserRunner@c05fddc]" started-at="2024-10-18T18:24:46 EDT" name="runScenario" description="Runs Cucumber Scenarios" data-provider="scenarios" finished-at="2024-10-18T18:24:46 EDT" duration-ms="270" status="PASS">
          <params>
            <param index="0">
              <value>
                <![CDATA["Deleting the the user by User by their First Name"]]>
              </value>
            </param>
            <param index="1">
              <value>
                <![CDATA["Validating User Module"]]>
              </value>
            </param>
          </params>
          <reporter-output>
          </reporter-output>
        </test-method> <!-- runScenario -->
        <test-method is-config="true" signature="tearDownClass()[pri:0, instance:Runner.UserRunner@c05fddc]" started-at="2024-10-18T18:24:46 EDT" name="tearDownClass" finished-at="2024-10-18T18:24:47 EDT" duration-ms="1336" status="PASS">
          <reporter-output>
          </reporter-output>
        </test-method> <!-- tearDownClass -->
      </class> <!-- Runner.UserRunner -->
    </test> <!-- Default test -->
  </suite> <!-- Default suite -->
</testng-results>
